  DirectXTexUtil.cpp
  BC.cpp
  BC4BC5.cpp
  BC6HBC7.cpp
  BCDirectCompute.cpp
  DirectXTexCompress.cpp
  DirectXTexCompressGPU.cpp
  DirectXTexConvert.cpp
  DirectXTexD3D11.cpp
  DirectXTexD3D12.cpp
  DirectXTexDDS.cpp
  DirectXTexFlipRotate.cpp
  DirectXTexHDR.cpp
  DirectXTexImage.cpp
  DirectXTexMipmaps.cpp
  DirectXTexMisc.cpp
  DirectXTexNormalMaps.cpp
  DirectXTexPMAlpha.cpp
  DirectXTexResize.cpp
  DirectXTexTGA.cpp
  DirectXTexWIC.cpp
  DirectXTex_Windows10_2017.vcxproj -> E:\pet\DirectXTex-master\DirectXTex\Bin\Windows10_2017\x64\Debug\DirectXTex.lib
